<?xml version="1.0" encoding="UTF-8"?>
<!-- Generated by org.testng.reporters.JUnitReportReporter -->
<testsuite hostname="gowri" failures="0" tests="1" name="sample.sampleclass" time="0.012" errors="0" timestamp="2024-05-29T01:04:48 IST" skipped="0">
  <testcase classname="sample.sampleclass" name="sample" time="0.012"/>
  <system-out/>
</testsuite> <!-- sample.sampleclass -->
